<?xml version="1.0" encoding="UTF-8"?>
<!-- Generated by org.testng.reporters.JUnitXMLReporter -->
<testsuite ignored="0" hostname="DESKTOP-3BKRARD" failures="0" tests="6" name="Test" time="47.738" errors="0" timestamp="2025-04-09T15:18:03 IST">
  <testcase classname="Test.newTest2" name="loginTest3" time="7.043"/>
  <testcase classname="Test.newTest" name="loginTest1" time="6.824"/>
  <testcase classname="Test.newTest" name="loginTest2" time="4.817"/>
  <testcase classname="Test.newTest2" name="loginTest4" time="5.699"/>
  <testcase classname="Test.newTest2" name="loginTest5" time="4.483"/>
  <testcase classname="Test.newTest2" name="loginTest6" time="5.307"/>
</testsuite> <!-- Test -->
