<?xml version="1.0" encoding="UTF-8"?>
<!-- Generated by org.testng.reporters.JUnitXMLReporter -->
<testsuite ignored="0" hostname="DESKTOP-3BKRARD" failures="0" tests="4" name="Test" time="27.015" errors="0" timestamp="2025-03-18T18:29:18 IST">
  <testcase classname="Test.newTest" name="loginTest1" time="6.401"/>
  <testcase classname="Test.newTest2" name="loginTest3" time="7.38"/>
  <testcase classname="Test.newTest" name="loginTest2" time="5.5"/>
  <testcase classname="Test.newTest2" name="loginTest4" time="5.372"/>
</testsuite> <!-- Test -->
