<?xml version="1.0" encoding="UTF-8"?>
<testng-results ignored="0" total="6" passed="6" failed="0" skipped="0">
  <reporter-output>
  </reporter-output>
  <suite started-at="2025-04-14T17:42:57 IST" name="Suite" finished-at="2025-04-14T17:43:41 IST" duration-ms="44496">
    <groups>
    </groups>
    <test started-at="2025-04-14T17:42:57 IST" name="Test" finished-at="2025-04-14T17:43:41 IST" duration-ms="44496">
      <class name="Test.newTest">
        <test-method is-config="true" signature="LaunchApplication()[pri:0, instance:Test.newTest@424e1977]" started-at="2025-04-14T17:42:57 IST" name="LaunchApplication" finished-at="2025-04-14T17:43:04 IST" duration-ms="7079" status="PASS">
          <reporter-output>
          </reporter-output>
        </test-method> <!-- LaunchApplication -->
        <test-method signature="loginTest1()[pri:0, instance:Test.newTest@424e1977]" started-at="2025-04-14T17:43:04 IST" name="loginTest1" finished-at="2025-04-14T17:43:12 IST" duration-ms="7908" status="PASS">
          <reporter-output>
          </reporter-output>
        </test-method> <!-- loginTest1 -->
        <test-method is-config="true" signature="tearDown()[pri:0, instance:Test.newTest@424e1977]" started-at="2025-04-14T17:43:12 IST" name="tearDown" finished-at="2025-04-14T17:43:13 IST" duration-ms="397" status="PASS">
          <reporter-output>
          </reporter-output>
        </test-method> <!-- tearDown -->
        <test-method is-config="true" signature="LaunchApplication()[pri:0, instance:Test.newTest@424e1977]" started-at="2025-04-14T17:43:13 IST" name="LaunchApplication" finished-at="2025-04-14T17:43:19 IST" duration-ms="5836" status="PASS">
          <reporter-output>
          </reporter-output>
        </test-method> <!-- LaunchApplication -->
        <test-method signature="loginTest2()[pri:0, instance:Test.newTest@424e1977]" started-at="2025-04-14T17:43:19 IST" name="loginTest2" finished-at="2025-04-14T17:43:25 IST" duration-ms="6657" status="PASS">
          <reporter-output>
          </reporter-output>
        </test-method> <!-- loginTest2 -->
        <test-method is-config="true" signature="tearDown()[pri:0, instance:Test.newTest@424e1977]" started-at="2025-04-14T17:43:25 IST" name="tearDown" finished-at="2025-04-14T17:43:26 IST" duration-ms="242" status="PASS">
          <reporter-output>
          </reporter-output>
        </test-method> <!-- tearDown -->
      </class> <!-- Test.newTest -->
      <class name="Test.newTest2">
        <test-method is-config="true" signature="LaunchApplication()[pri:0, instance:Test.newTest2@158a8276]" started-at="2025-04-14T17:42:57 IST" name="LaunchApplication" finished-at="2025-04-14T17:43:04 IST" duration-ms="7198" status="PASS">
          <reporter-output>
          </reporter-output>
        </test-method> <!-- LaunchApplication -->
        <test-method signature="loginTest3(java.lang.String)[pri:0, instance:Test.newTest2@158a8276]" started-at="2025-04-14T17:43:04 IST" name="loginTest3" finished-at="2025-04-14T17:43:11 IST" duration-ms="6521" status="PASS">
          <params>
            <param index="0">
              <value>
                <![CDATA[3]]>
              </value>
            </param>
          </params>
          <reporter-output>
          </reporter-output>
        </test-method> <!-- loginTest3 -->
        <test-method is-config="true" signature="tearDown()[pri:0, instance:Test.newTest2@158a8276]" started-at="2025-04-14T17:43:11 IST" name="tearDown" finished-at="2025-04-14T17:43:12 IST" duration-ms="1235" status="PASS">
          <reporter-output>
          </reporter-output>
        </test-method> <!-- tearDown -->
        <test-method is-config="true" signature="LaunchApplication()[pri:0, instance:Test.newTest2@158a8276]" started-at="2025-04-14T17:43:12 IST" name="LaunchApplication" finished-at="2025-04-14T17:43:17 IST" duration-ms="5213" status="PASS">
          <reporter-output>
          </reporter-output>
        </test-method> <!-- LaunchApplication -->
        <test-method signature="loginTest4(java.lang.String)[pri:0, instance:Test.newTest2@158a8276]" started-at="2025-04-14T17:43:17 IST" name="loginTest4" finished-at="2025-04-14T17:43:22 IST" duration-ms="4765" status="PASS">
          <params>
            <param index="0">
              <value>
                <![CDATA[4]]>
              </value>
            </param>
          </params>
          <reporter-output>
          </reporter-output>
        </test-method> <!-- loginTest4 -->
        <test-method is-config="true" signature="tearDown()[pri:0, instance:Test.newTest2@158a8276]" started-at="2025-04-14T17:43:22 IST" name="tearDown" finished-at="2025-04-14T17:43:23 IST" duration-ms="342" status="PASS">
          <reporter-output>
          </reporter-output>
        </test-method> <!-- tearDown -->
        <test-method is-config="true" signature="LaunchApplication()[pri:0, instance:Test.newTest2@158a8276]" started-at="2025-04-14T17:43:23 IST" name="LaunchApplication" finished-at="2025-04-14T17:43:27 IST" duration-ms="4214" status="PASS">
          <reporter-output>
          </reporter-output>
        </test-method> <!-- LaunchApplication -->
        <test-method signature="loginTest5(java.lang.String)[pri:0, instance:Test.newTest2@158a8276]" started-at="2025-04-14T17:43:27 IST" name="loginTest5" finished-at="2025-04-14T17:43:31 IST" duration-ms="4434" status="PASS">
          <params>
            <param index="0">
              <value>
                <![CDATA[5]]>
              </value>
            </param>
          </params>
          <reporter-output>
          </reporter-output>
        </test-method> <!-- loginTest5 -->
        <test-method is-config="true" signature="tearDown()[pri:0, instance:Test.newTest2@158a8276]" started-at="2025-04-14T17:43:32 IST" name="tearDown" finished-at="2025-04-14T17:43:32 IST" duration-ms="239" status="PASS">
          <reporter-output>
          </reporter-output>
        </test-method> <!-- tearDown -->
        <test-method is-config="true" signature="LaunchApplication()[pri:0, instance:Test.newTest2@158a8276]" started-at="2025-04-14T17:43:32 IST" name="LaunchApplication" finished-at="2025-04-14T17:43:36 IST" duration-ms="4325" status="PASS">
          <reporter-output>
          </reporter-output>
        </test-method> <!-- LaunchApplication -->
        <test-method signature="loginTest6(java.lang.String)[pri:0, instance:Test.newTest2@158a8276]" started-at="2025-04-14T17:43:36 IST" name="loginTest6" finished-at="2025-04-14T17:43:41 IST" duration-ms="4557" status="PASS">
          <params>
            <param index="0">
              <value>
                <![CDATA[6]]>
              </value>
            </param>
          </params>
          <reporter-output>
          </reporter-output>
        </test-method> <!-- loginTest6 -->
        <test-method is-config="true" signature="tearDown()[pri:0, instance:Test.newTest2@158a8276]" started-at="2025-04-14T17:43:41 IST" name="tearDown" finished-at="2025-04-14T17:43:41 IST" duration-ms="198" status="PASS">
          <reporter-output>
          </reporter-output>
        </test-method> <!-- tearDown -->
      </class> <!-- Test.newTest2 -->
    </test> <!-- Test -->
  </suite> <!-- Suite -->
</testng-results>
