<?xml version="1.0" encoding="UTF-8"?>
<testng-results ignored="1" total="2" passed="1" failed="0" skipped="0">
  <reporter-output>
  </reporter-output>
  <suite started-at="2025-04-22T16:30:03 IST" name="Suite" finished-at="2025-04-22T16:30:17 IST" duration-ms="14257">
    <groups>
    </groups>
    <test started-at="2025-04-22T16:30:03 IST" name="Test" finished-at="2025-04-22T16:30:17 IST" duration-ms="14257">
      <class name="Test.newTest">
        <test-method is-config="true" signature="LaunchApplication()[pri:0, instance:Test.newTest@c0c2f8d]" started-at="2025-04-22T16:30:03 IST" name="LaunchApplication" finished-at="2025-04-22T16:30:10 IST" duration-ms="6722" status="PASS">
          <reporter-output>
          </reporter-output>
        </test-method> <!-- LaunchApplication -->
        <test-method signature="loginTest1()[pri:0, instance:Test.newTest@c0c2f8d]" started-at="2025-04-22T16:30:10 IST" name="loginTest1" finished-at="2025-04-22T16:30:17 IST" duration-ms="6591" status="PASS">
          <reporter-output>
          </reporter-output>
        </test-method> <!-- loginTest1 -->
        <test-method is-config="true" signature="tearDown()[pri:0, instance:Test.newTest@c0c2f8d]" started-at="2025-04-22T16:30:17 IST" name="tearDown" finished-at="2025-04-22T16:30:17 IST" duration-ms="268" status="PASS">
          <reporter-output>
          </reporter-output>
        </test-method> <!-- tearDown -->
      </class> <!-- Test.newTest -->
    </test> <!-- Test -->
  </suite> <!-- Suite -->
</testng-results>
